<?xml version="1.0" encoding="UTF-8"?>
<testsuite xmlns:xsi="http://www.w3.org/2001/XMLSchema-instance" xsi:noNamespaceSchemaLocation="https://maven.apache.org/surefire/maven-surefire-plugin/xsd/surefire-test-report.xsd" name="com.info.CupboardApiApplicationTests" time="4.056" tests="1" errors="0" skipped="0" failures="0">
  <properties>
    <property name="sun.desktop" value="gnome"/>
    <property name="awt.toolkit" value="sun.awt.X11.XToolkit"/>
    <property name="file.encoding.pkg" value="sun.io"/>
    <property name="java.specification.version" value="1.8"/>
    <property name="sun.cpu.isalist" value=""/>
    <property name="sun.jnu.encoding" value="UTF-8"/>
    <property name="java.class.path" value="/home/cdf/workspaces/cupboard/cupboard-api/target/test-classes:/home/cdf/workspaces/cupboard/cupboard-api/target/classes:/home/cdf/.m2/repository/org/projectlombok/lombok/1.18.8/lombok-1.18.8.jar:/home/cdf/.m2/repository/org/springframework/boot/spring-boot-starter/2.3.0.RELEASE/spring-boot-starter-2.3.0.RELEASE.jar:/home/cdf/.m2/repository/org/springframework/boot/spring-boot/2.3.0.RELEASE/spring-boot-2.3.0.RELEASE.jar:/home/cdf/.m2/repository/org/springframework/spring-context/5.2.6.RELEASE/spring-context-5.2.6.RELEASE.jar:/home/cdf/.m2/repository/org/springframework/spring-expression/5.2.6.RELEASE/spring-expression-5.2.6.RELEASE.jar:/home/cdf/.m2/repository/org/springframework/boot/spring-boot-autoconfigure/2.3.0.RELEASE/spring-boot-autoconfigure-2.3.0.RELEASE.jar:/home/cdf/.m2/repository/org/springframework/boot/spring-boot-starter-logging/2.3.0.RELEASE/spring-boot-starter-logging-2.3.0.RELEASE.jar:/home/cdf/.m2/repository/ch/qos/logback/logback-classic/1.2.3/logback-classic-1.2.3.jar:/home/cdf/.m2/repository/ch/qos/logback/logback-core/1.2.3/logback-core-1.2.3.jar:/home/cdf/.m2/repository/org/apache/logging/log4j/log4j-to-slf4j/2.13.2/log4j-to-slf4j-2.13.2.jar:/home/cdf/.m2/repository/org/apache/logging/log4j/log4j-api/2.13.2/log4j-api-2.13.2.jar:/home/cdf/.m2/repository/org/slf4j/jul-to-slf4j/1.7.30/jul-to-slf4j-1.7.30.jar:/home/cdf/.m2/repository/jakarta/annotation/jakarta.annotation-api/1.3.5/jakarta.annotation-api-1.3.5.jar:/home/cdf/.m2/repository/org/springframework/spring-core/5.2.6.RELEASE/spring-core-5.2.6.RELEASE.jar:/home/cdf/.m2/repository/org/springframework/spring-jcl/5.2.6.RELEASE/spring-jcl-5.2.6.RELEASE.jar:/home/cdf/.m2/repository/org/yaml/snakeyaml/1.26/snakeyaml-1.26.jar:/home/cdf/.m2/repository/org/springframework/cloud/spring-cloud-starter-openfeign/2.2.0.RELEASE/spring-cloud-starter-openfeign-2.2.0.RELEASE.jar:/home/cdf/.m2/repository/org/springframework/cloud/spring-cloud-starter/2.2.3.RELEASE/spring-cloud-starter-2.2.3.RELEASE.jar:/home/cdf/.m2/repository/org/springframework/cloud/spring-cloud-context/2.2.3.RELEASE/spring-cloud-context-2.2.3.RELEASE.jar:/home/cdf/.m2/repository/org/springframework/security/spring-security-rsa/1.0.9.RELEASE/spring-security-rsa-1.0.9.RELEASE.jar:/home/cdf/.m2/repository/org/bouncycastle/bcpkix-jdk15on/1.64/bcpkix-jdk15on-1.64.jar:/home/cdf/.m2/repository/org/bouncycastle/bcprov-jdk15on/1.64/bcprov-jdk15on-1.64.jar:/home/cdf/.m2/repository/org/springframework/cloud/spring-cloud-openfeign-core/2.2.3.RELEASE/spring-cloud-openfeign-core-2.2.3.RELEASE.jar:/home/cdf/.m2/repository/org/springframework/cloud/spring-cloud-netflix-ribbon/2.2.3.RELEASE/spring-cloud-netflix-ribbon-2.2.3.RELEASE.jar:/home/cdf/.m2/repository/org/springframework/cloud/spring-cloud-netflix-archaius/2.2.3.RELEASE/spring-cloud-netflix-archaius-2.2.3.RELEASE.jar:/home/cdf/.m2/repository/org/springframework/boot/spring-boot-starter-aop/2.3.0.RELEASE/spring-boot-starter-aop-2.3.0.RELEASE.jar:/home/cdf/.m2/repository/org/aspectj/aspectjweaver/1.9.5/aspectjweaver-1.9.5.jar:/home/cdf/.m2/repository/io/github/openfeign/form/feign-form-spring/3.8.0/feign-form-spring-3.8.0.jar:/home/cdf/.m2/repository/io/github/openfeign/form/feign-form/3.8.0/feign-form-3.8.0.jar:/home/cdf/.m2/repository/commons-fileupload/commons-fileupload/1.4/commons-fileupload-1.4.jar:/home/cdf/.m2/repository/commons-io/commons-io/2.2/commons-io-2.2.jar:/home/cdf/.m2/repository/org/springframework/spring-web/5.2.6.RELEASE/spring-web-5.2.6.RELEASE.jar:/home/cdf/.m2/repository/org/springframework/spring-beans/5.2.6.RELEASE/spring-beans-5.2.6.RELEASE.jar:/home/cdf/.m2/repository/org/springframework/cloud/spring-cloud-commons/2.2.3.RELEASE/spring-cloud-commons-2.2.3.RELEASE.jar:/home/cdf/.m2/repository/org/springframework/security/spring-security-crypto/5.3.2.RELEASE/spring-security-crypto-5.3.2.RELEASE.jar:/home/cdf/.m2/repository/io/github/openfeign/feign-core/10.10.1/feign-core-10.10.1.jar:/home/cdf/.m2/repository/io/github/openfeign/feign-slf4j/10.10.1/feign-slf4j-10.10.1.jar:/home/cdf/.m2/repository/org/slf4j/slf4j-api/1.7.30/slf4j-api-1.7.30.jar:/home/cdf/.m2/repository/io/github/openfeign/feign-hystrix/10.10.1/feign-hystrix-10.10.1.jar:/home/cdf/.m2/repository/com/netflix/archaius/archaius-core/0.7.6/archaius-core-0.7.6.jar:/home/cdf/.m2/repository/com/google/code/findbugs/jsr305/3.0.1/jsr305-3.0.1.jar:/home/cdf/.m2/repository/commons-configuration/commons-configuration/1.8/commons-configuration-1.8.jar:/home/cdf/.m2/repository/commons-lang/commons-lang/2.6/commons-lang-2.6.jar:/home/cdf/.m2/repository/com/google/guava/guava/29.0-android/guava-29.0-android.jar:/home/cdf/.m2/repository/com/google/guava/failureaccess/1.0.1/failureaccess-1.0.1.jar:/home/cdf/.m2/repository/com/google/guava/listenablefuture/9999.0-empty-to-avoid-conflict-with-guava/listenablefuture-9999.0-empty-to-avoid-conflict-with-guava.jar:/home/cdf/.m2/repository/org/checkerframework/checker-compat-qual/2.5.5/checker-compat-qual-2.5.5.jar:/home/cdf/.m2/repository/com/google/errorprone/error_prone_annotations/2.3.4/error_prone_annotations-2.3.4.jar:/home/cdf/.m2/repository/com/google/j2objc/j2objc-annotations/1.3/j2objc-annotations-1.3.jar:/home/cdf/.m2/repository/com/netflix/hystrix/hystrix-core/1.5.18/hystrix-core-1.5.18.jar:/home/cdf/.m2/repository/io/reactivex/rxjava/1.3.8/rxjava-1.3.8.jar:/home/cdf/.m2/repository/org/hdrhistogram/HdrHistogram/2.1.9/HdrHistogram-2.1.9.jar:/home/cdf/.m2/repository/org/springframework/boot/spring-boot-starter-data-redis/2.0.8.RELEASE/spring-boot-starter-data-redis-2.0.8.RELEASE.jar:/home/cdf/.m2/repository/org/springframework/data/spring-data-redis/2.3.0.RELEASE/spring-data-redis-2.3.0.RELEASE.jar:/home/cdf/.m2/repository/org/springframework/data/spring-data-keyvalue/2.3.0.RELEASE/spring-data-keyvalue-2.3.0.RELEASE.jar:/home/cdf/.m2/repository/org/springframework/data/spring-data-commons/2.3.0.RELEASE/spring-data-commons-2.3.0.RELEASE.jar:/home/cdf/.m2/repository/org/springframework/spring-tx/5.2.6.RELEASE/spring-tx-5.2.6.RELEASE.jar:/home/cdf/.m2/repository/org/springframework/spring-oxm/5.2.6.RELEASE/spring-oxm-5.2.6.RELEASE.jar:/home/cdf/.m2/repository/org/springframework/spring-aop/5.2.6.RELEASE/spring-aop-5.2.6.RELEASE.jar:/home/cdf/.m2/repository/org/springframework/spring-context-support/5.2.6.RELEASE/spring-context-support-5.2.6.RELEASE.jar:/home/cdf/.m2/repository/io/lettuce/lettuce-core/5.3.0.RELEASE/lettuce-core-5.3.0.RELEASE.jar:/home/cdf/.m2/repository/io/netty/netty-common/4.1.49.Final/netty-common-4.1.49.Final.jar:/home/cdf/.m2/repository/io/netty/netty-handler/4.1.49.Final/netty-handler-4.1.49.Final.jar:/home/cdf/.m2/repository/io/netty/netty-resolver/4.1.49.Final/netty-resolver-4.1.49.Final.jar:/home/cdf/.m2/repository/io/netty/netty-buffer/4.1.49.Final/netty-buffer-4.1.49.Final.jar:/home/cdf/.m2/repository/io/netty/netty-codec/4.1.49.Final/netty-codec-4.1.49.Final.jar:/home/cdf/.m2/repository/io/netty/netty-transport/4.1.49.Final/netty-transport-4.1.49.Final.jar:/home/cdf/.m2/repository/io/projectreactor/reactor-core/3.3.5.RELEASE/reactor-core-3.3.5.RELEASE.jar:/home/cdf/.m2/repository/org/reactivestreams/reactive-streams/1.0.3/reactive-streams-1.0.3.jar:/home/cdf/.m2/repository/com/fasterxml/jackson/core/jackson-annotations/2.11.0/jackson-annotations-2.11.0.jar:/home/cdf/.m2/repository/com/fasterxml/jackson/core/jackson-databind/2.11.0/jackson-databind-2.11.0.jar:/home/cdf/.m2/repository/com/fasterxml/jackson/core/jackson-core/2.11.0/jackson-core-2.11.0.jar:/home/cdf/.m2/repository/com/alibaba/fastjson/1.2.58/fastjson-1.2.58.jar:/home/cdf/.m2/repository/org/springframework/boot/spring-boot-starter-test/2.3.0.RELEASE/spring-boot-starter-test-2.3.0.RELEASE.jar:/home/cdf/.m2/repository/org/springframework/boot/spring-boot-test/2.3.0.RELEASE/spring-boot-test-2.3.0.RELEASE.jar:/home/cdf/.m2/repository/org/springframework/boot/spring-boot-test-autoconfigure/2.3.0.RELEASE/spring-boot-test-autoconfigure-2.3.0.RELEASE.jar:/home/cdf/.m2/repository/com/jayway/jsonpath/json-path/2.4.0/json-path-2.4.0.jar:/home/cdf/.m2/repository/net/minidev/json-smart/2.3/json-smart-2.3.jar:/home/cdf/.m2/repository/net/minidev/accessors-smart/1.2/accessors-smart-1.2.jar:/home/cdf/.m2/repository/org/ow2/asm/asm/5.0.4/asm-5.0.4.jar:/home/cdf/.m2/repository/jakarta/xml/bind/jakarta.xml.bind-api/2.3.3/jakarta.xml.bind-api-2.3.3.jar:/home/cdf/.m2/repository/jakarta/activation/jakarta.activation-api/1.2.2/jakarta.activation-api-1.2.2.jar:/home/cdf/.m2/repository/org/assertj/assertj-core/3.16.1/assertj-core-3.16.1.jar:/home/cdf/.m2/repository/org/hamcrest/hamcrest/2.2/hamcrest-2.2.jar:/home/cdf/.m2/repository/org/junit/jupiter/junit-jupiter/5.6.2/junit-jupiter-5.6.2.jar:/home/cdf/.m2/repository/org/junit/jupiter/junit-jupiter-api/5.6.2/junit-jupiter-api-5.6.2.jar:/home/cdf/.m2/repository/org/apiguardian/apiguardian-api/1.1.0/apiguardian-api-1.1.0.jar:/home/cdf/.m2/repository/org/opentest4j/opentest4j/1.2.0/opentest4j-1.2.0.jar:/home/cdf/.m2/repository/org/junit/platform/junit-platform-commons/1.6.2/junit-platform-commons-1.6.2.jar:/home/cdf/.m2/repository/org/junit/jupiter/junit-jupiter-params/5.6.2/junit-jupiter-params-5.6.2.jar:/home/cdf/.m2/repository/org/junit/jupiter/junit-jupiter-engine/5.6.2/junit-jupiter-engine-5.6.2.jar:/home/cdf/.m2/repository/org/junit/platform/junit-platform-engine/1.6.2/junit-platform-engine-1.6.2.jar:/home/cdf/.m2/repository/org/mockito/mockito-core/3.3.3/mockito-core-3.3.3.jar:/home/cdf/.m2/repository/net/bytebuddy/byte-buddy/1.10.10/byte-buddy-1.10.10.jar:/home/cdf/.m2/repository/net/bytebuddy/byte-buddy-agent/1.10.10/byte-buddy-agent-1.10.10.jar:/home/cdf/.m2/repository/org/objenesis/objenesis/2.6/objenesis-2.6.jar:/home/cdf/.m2/repository/org/mockito/mockito-junit-jupiter/3.3.3/mockito-junit-jupiter-3.3.3.jar:/home/cdf/.m2/repository/org/skyscreamer/jsonassert/1.5.0/jsonassert-1.5.0.jar:/home/cdf/.m2/repository/com/vaadin/external/google/android-json/0.0.20131108.vaadin1/android-json-0.0.20131108.vaadin1.jar:/home/cdf/.m2/repository/org/springframework/spring-test/5.2.6.RELEASE/spring-test-5.2.6.RELEASE.jar:/home/cdf/.m2/repository/org/xmlunit/xmlunit-core/2.7.0/xmlunit-core-2.7.0.jar:"/>
    <property name="java.vm.vendor" value="Oracle Corporation"/>
    <property name="sun.arch.data.model" value="64"/>
    <property name="java.vendor.url" value="http://java.oracle.com/"/>
    <property name="user.timezone" value=""/>
    <property name="java.vm.specification.version" value="1.8"/>
    <property name="os.name" value="Linux"/>
    <property name="user.country" value="CN"/>
    <property name="sun.java.launcher" value="SUN_STANDARD"/>
    <property name="sun.boot.library.path" value="/home/cdf/jdk1.8/jre/lib/amd64"/>
    <property name="sun.java.command" value="/home/cdf/workspaces/cupboard/cupboard-api/target/surefire/surefirebooter6674209514694514121.jar /home/cdf/workspaces/cupboard/cupboard-api/target/surefire 2020-08-09T22-52-43_988-jvmRun1 surefire4108180209294007724tmp surefire_0759813962569087779tmp"/>
    <property name="surefire.test.class.path" value="/home/cdf/workspaces/cupboard/cupboard-api/target/test-classes:/home/cdf/workspaces/cupboard/cupboard-api/target/classes:/home/cdf/.m2/repository/org/projectlombok/lombok/1.18.8/lombok-1.18.8.jar:/home/cdf/.m2/repository/org/springframework/boot/spring-boot-starter/2.3.0.RELEASE/spring-boot-starter-2.3.0.RELEASE.jar:/home/cdf/.m2/repository/org/springframework/boot/spring-boot/2.3.0.RELEASE/spring-boot-2.3.0.RELEASE.jar:/home/cdf/.m2/repository/org/springframework/spring-context/5.2.6.RELEASE/spring-context-5.2.6.RELEASE.jar:/home/cdf/.m2/repository/org/springframework/spring-expression/5.2.6.RELEASE/spring-expression-5.2.6.RELEASE.jar:/home/cdf/.m2/repository/org/springframework/boot/spring-boot-autoconfigure/2.3.0.RELEASE/spring-boot-autoconfigure-2.3.0.RELEASE.jar:/home/cdf/.m2/repository/org/springframework/boot/spring-boot-starter-logging/2.3.0.RELEASE/spring-boot-starter-logging-2.3.0.RELEASE.jar:/home/cdf/.m2/repository/ch/qos/logback/logback-classic/1.2.3/logback-classic-1.2.3.jar:/home/cdf/.m2/repository/ch/qos/logback/logback-core/1.2.3/logback-core-1.2.3.jar:/home/cdf/.m2/repository/org/apache/logging/log4j/log4j-to-slf4j/2.13.2/log4j-to-slf4j-2.13.2.jar:/home/cdf/.m2/repository/org/apache/logging/log4j/log4j-api/2.13.2/log4j-api-2.13.2.jar:/home/cdf/.m2/repository/org/slf4j/jul-to-slf4j/1.7.30/jul-to-slf4j-1.7.30.jar:/home/cdf/.m2/repository/jakarta/annotation/jakarta.annotation-api/1.3.5/jakarta.annotation-api-1.3.5.jar:/home/cdf/.m2/repository/org/springframework/spring-core/5.2.6.RELEASE/spring-core-5.2.6.RELEASE.jar:/home/cdf/.m2/repository/org/springframework/spring-jcl/5.2.6.RELEASE/spring-jcl-5.2.6.RELEASE.jar:/home/cdf/.m2/repository/org/yaml/snakeyaml/1.26/snakeyaml-1.26.jar:/home/cdf/.m2/repository/org/springframework/cloud/spring-cloud-starter-openfeign/2.2.0.RELEASE/spring-cloud-starter-openfeign-2.2.0.RELEASE.jar:/home/cdf/.m2/repository/org/springframework/cloud/spring-cloud-starter/2.2.3.RELEASE/spring-cloud-starter-2.2.3.RELEASE.jar:/home/cdf/.m2/repository/org/springframework/cloud/spring-cloud-context/2.2.3.RELEASE/spring-cloud-context-2.2.3.RELEASE.jar:/home/cdf/.m2/repository/org/springframework/security/spring-security-rsa/1.0.9.RELEASE/spring-security-rsa-1.0.9.RELEASE.jar:/home/cdf/.m2/repository/org/bouncycastle/bcpkix-jdk15on/1.64/bcpkix-jdk15on-1.64.jar:/home/cdf/.m2/repository/org/bouncycastle/bcprov-jdk15on/1.64/bcprov-jdk15on-1.64.jar:/home/cdf/.m2/repository/org/springframework/cloud/spring-cloud-openfeign-core/2.2.3.RELEASE/spring-cloud-openfeign-core-2.2.3.RELEASE.jar:/home/cdf/.m2/repository/org/springframework/cloud/spring-cloud-netflix-ribbon/2.2.3.RELEASE/spring-cloud-netflix-ribbon-2.2.3.RELEASE.jar:/home/cdf/.m2/repository/org/springframework/cloud/spring-cloud-netflix-archaius/2.2.3.RELEASE/spring-cloud-netflix-archaius-2.2.3.RELEASE.jar:/home/cdf/.m2/repository/org/springframework/boot/spring-boot-starter-aop/2.3.0.RELEASE/spring-boot-starter-aop-2.3.0.RELEASE.jar:/home/cdf/.m2/repository/org/aspectj/aspectjweaver/1.9.5/aspectjweaver-1.9.5.jar:/home/cdf/.m2/repository/io/github/openfeign/form/feign-form-spring/3.8.0/feign-form-spring-3.8.0.jar:/home/cdf/.m2/repository/io/github/openfeign/form/feign-form/3.8.0/feign-form-3.8.0.jar:/home/cdf/.m2/repository/commons-fileupload/commons-fileupload/1.4/commons-fileupload-1.4.jar:/home/cdf/.m2/repository/commons-io/commons-io/2.2/commons-io-2.2.jar:/home/cdf/.m2/repository/org/springframework/spring-web/5.2.6.RELEASE/spring-web-5.2.6.RELEASE.jar:/home/cdf/.m2/repository/org/springframework/spring-beans/5.2.6.RELEASE/spring-beans-5.2.6.RELEASE.jar:/home/cdf/.m2/repository/org/springframework/cloud/spring-cloud-commons/2.2.3.RELEASE/spring-cloud-commons-2.2.3.RELEASE.jar:/home/cdf/.m2/repository/org/springframework/security/spring-security-crypto/5.3.2.RELEASE/spring-security-crypto-5.3.2.RELEASE.jar:/home/cdf/.m2/repository/io/github/openfeign/feign-core/10.10.1/feign-core-10.10.1.jar:/home/cdf/.m2/repository/io/github/openfeign/feign-slf4j/10.10.1/feign-slf4j-10.10.1.jar:/home/cdf/.m2/repository/org/slf4j/slf4j-api/1.7.30/slf4j-api-1.7.30.jar:/home/cdf/.m2/repository/io/github/openfeign/feign-hystrix/10.10.1/feign-hystrix-10.10.1.jar:/home/cdf/.m2/repository/com/netflix/archaius/archaius-core/0.7.6/archaius-core-0.7.6.jar:/home/cdf/.m2/repository/com/google/code/findbugs/jsr305/3.0.1/jsr305-3.0.1.jar:/home/cdf/.m2/repository/commons-configuration/commons-configuration/1.8/commons-configuration-1.8.jar:/home/cdf/.m2/repository/commons-lang/commons-lang/2.6/commons-lang-2.6.jar:/home/cdf/.m2/repository/com/google/guava/guava/29.0-android/guava-29.0-android.jar:/home/cdf/.m2/repository/com/google/guava/failureaccess/1.0.1/failureaccess-1.0.1.jar:/home/cdf/.m2/repository/com/google/guava/listenablefuture/9999.0-empty-to-avoid-conflict-with-guava/listenablefuture-9999.0-empty-to-avoid-conflict-with-guava.jar:/home/cdf/.m2/repository/org/checkerframework/checker-compat-qual/2.5.5/checker-compat-qual-2.5.5.jar:/home/cdf/.m2/repository/com/google/errorprone/error_prone_annotations/2.3.4/error_prone_annotations-2.3.4.jar:/home/cdf/.m2/repository/com/google/j2objc/j2objc-annotations/1.3/j2objc-annotations-1.3.jar:/home/cdf/.m2/repository/com/netflix/hystrix/hystrix-core/1.5.18/hystrix-core-1.5.18.jar:/home/cdf/.m2/repository/io/reactivex/rxjava/1.3.8/rxjava-1.3.8.jar:/home/cdf/.m2/repository/org/hdrhistogram/HdrHistogram/2.1.9/HdrHistogram-2.1.9.jar:/home/cdf/.m2/repository/org/springframework/boot/spring-boot-starter-data-redis/2.0.8.RELEASE/spring-boot-starter-data-redis-2.0.8.RELEASE.jar:/home/cdf/.m2/repository/org/springframework/data/spring-data-redis/2.3.0.RELEASE/spring-data-redis-2.3.0.RELEASE.jar:/home/cdf/.m2/repository/org/springframework/data/spring-data-keyvalue/2.3.0.RELEASE/spring-data-keyvalue-2.3.0.RELEASE.jar:/home/cdf/.m2/repository/org/springframework/data/spring-data-commons/2.3.0.RELEASE/spring-data-commons-2.3.0.RELEASE.jar:/home/cdf/.m2/repository/org/springframework/spring-tx/5.2.6.RELEASE/spring-tx-5.2.6.RELEASE.jar:/home/cdf/.m2/repository/org/springframework/spring-oxm/5.2.6.RELEASE/spring-oxm-5.2.6.RELEASE.jar:/home/cdf/.m2/repository/org/springframework/spring-aop/5.2.6.RELEASE/spring-aop-5.2.6.RELEASE.jar:/home/cdf/.m2/repository/org/springframework/spring-context-support/5.2.6.RELEASE/spring-context-support-5.2.6.RELEASE.jar:/home/cdf/.m2/repository/io/lettuce/lettuce-core/5.3.0.RELEASE/lettuce-core-5.3.0.RELEASE.jar:/home/cdf/.m2/repository/io/netty/netty-common/4.1.49.Final/netty-common-4.1.49.Final.jar:/home/cdf/.m2/repository/io/netty/netty-handler/4.1.49.Final/netty-handler-4.1.49.Final.jar:/home/cdf/.m2/repository/io/netty/netty-resolver/4.1.49.Final/netty-resolver-4.1.49.Final.jar:/home/cdf/.m2/repository/io/netty/netty-buffer/4.1.49.Final/netty-buffer-4.1.49.Final.jar:/home/cdf/.m2/repository/io/netty/netty-codec/4.1.49.Final/netty-codec-4.1.49.Final.jar:/home/cdf/.m2/repository/io/netty/netty-transport/4.1.49.Final/netty-transport-4.1.49.Final.jar:/home/cdf/.m2/repository/io/projectreactor/reactor-core/3.3.5.RELEASE/reactor-core-3.3.5.RELEASE.jar:/home/cdf/.m2/repository/org/reactivestreams/reactive-streams/1.0.3/reactive-streams-1.0.3.jar:/home/cdf/.m2/repository/com/fasterxml/jackson/core/jackson-annotations/2.11.0/jackson-annotations-2.11.0.jar:/home/cdf/.m2/repository/com/fasterxml/jackson/core/jackson-databind/2.11.0/jackson-databind-2.11.0.jar:/home/cdf/.m2/repository/com/fasterxml/jackson/core/jackson-core/2.11.0/jackson-core-2.11.0.jar:/home/cdf/.m2/repository/com/alibaba/fastjson/1.2.58/fastjson-1.2.58.jar:/home/cdf/.m2/repository/org/springframework/boot/spring-boot-starter-test/2.3.0.RELEASE/spring-boot-starter-test-2.3.0.RELEASE.jar:/home/cdf/.m2/repository/org/springframework/boot/spring-boot-test/2.3.0.RELEASE/spring-boot-test-2.3.0.RELEASE.jar:/home/cdf/.m2/repository/org/springframework/boot/spring-boot-test-autoconfigure/2.3.0.RELEASE/spring-boot-test-autoconfigure-2.3.0.RELEASE.jar:/home/cdf/.m2/repository/com/jayway/jsonpath/json-path/2.4.0/json-path-2.4.0.jar:/home/cdf/.m2/repository/net/minidev/json-smart/2.3/json-smart-2.3.jar:/home/cdf/.m2/repository/net/minidev/accessors-smart/1.2/accessors-smart-1.2.jar:/home/cdf/.m2/repository/org/ow2/asm/asm/5.0.4/asm-5.0.4.jar:/home/cdf/.m2/repository/jakarta/xml/bind/jakarta.xml.bind-api/2.3.3/jakarta.xml.bind-api-2.3.3.jar:/home/cdf/.m2/repository/jakarta/activation/jakarta.activation-api/1.2.2/jakarta.activation-api-1.2.2.jar:/home/cdf/.m2/repository/org/assertj/assertj-core/3.16.1/assertj-core-3.16.1.jar:/home/cdf/.m2/repository/org/hamcrest/hamcrest/2.2/hamcrest-2.2.jar:/home/cdf/.m2/repository/org/junit/jupiter/junit-jupiter/5.6.2/junit-jupiter-5.6.2.jar:/home/cdf/.m2/repository/org/junit/jupiter/junit-jupiter-api/5.6.2/junit-jupiter-api-5.6.2.jar:/home/cdf/.m2/repository/org/apiguardian/apiguardian-api/1.1.0/apiguardian-api-1.1.0.jar:/home/cdf/.m2/repository/org/opentest4j/opentest4j/1.2.0/opentest4j-1.2.0.jar:/home/cdf/.m2/repository/org/junit/platform/junit-platform-commons/1.6.2/junit-platform-commons-1.6.2.jar:/home/cdf/.m2/repository/org/junit/jupiter/junit-jupiter-params/5.6.2/junit-jupiter-params-5.6.2.jar:/home/cdf/.m2/repository/org/junit/jupiter/junit-jupiter-engine/5.6.2/junit-jupiter-engine-5.6.2.jar:/home/cdf/.m2/repository/org/junit/platform/junit-platform-engine/1.6.2/junit-platform-engine-1.6.2.jar:/home/cdf/.m2/repository/org/mockito/mockito-core/3.3.3/mockito-core-3.3.3.jar:/home/cdf/.m2/repository/net/bytebuddy/byte-buddy/1.10.10/byte-buddy-1.10.10.jar:/home/cdf/.m2/repository/net/bytebuddy/byte-buddy-agent/1.10.10/byte-buddy-agent-1.10.10.jar:/home/cdf/.m2/repository/org/objenesis/objenesis/2.6/objenesis-2.6.jar:/home/cdf/.m2/repository/org/mockito/mockito-junit-jupiter/3.3.3/mockito-junit-jupiter-3.3.3.jar:/home/cdf/.m2/repository/org/skyscreamer/jsonassert/1.5.0/jsonassert-1.5.0.jar:/home/cdf/.m2/repository/com/vaadin/external/google/android-json/0.0.20131108.vaadin1/android-json-0.0.20131108.vaadin1.jar:/home/cdf/.m2/repository/org/springframework/spring-test/5.2.6.RELEASE/spring-test-5.2.6.RELEASE.jar:/home/cdf/.m2/repository/org/xmlunit/xmlunit-core/2.7.0/xmlunit-core-2.7.0.jar:"/>
    <property name="sun.cpu.endian" value="little"/>
    <property name="user.home" value="/home/cdf"/>
    <property name="user.language" value="zh"/>
    <property name="java.specification.vendor" value="Oracle Corporation"/>
    <property name="java.home" value="/home/cdf/jdk1.8/jre"/>
    <property name="basedir" value="/home/cdf/workspaces/cupboard/cupboard-api"/>
    <property name="file.separator" value="/"/>
    <property name="line.separator" value="&#10;"/>
    <property name="java.vm.specification.vendor" value="Oracle Corporation"/>
    <property name="java.specification.name" value="Java Platform API Specification"/>
    <property name="java.awt.graphicsenv" value="sun.awt.X11GraphicsEnvironment"/>
    <property name="surefire.real.class.path" value="/home/cdf/workspaces/cupboard/cupboard-api/target/surefire/surefirebooter6674209514694514121.jar"/>
    <property name="sun.boot.class.path" value="/home/cdf/jdk1.8/jre/lib/resources.jar:/home/cdf/jdk1.8/jre/lib/rt.jar:/home/cdf/jdk1.8/jre/lib/sunrsasign.jar:/home/cdf/jdk1.8/jre/lib/jsse.jar:/home/cdf/jdk1.8/jre/lib/jce.jar:/home/cdf/jdk1.8/jre/lib/charsets.jar:/home/cdf/jdk1.8/jre/lib/jfr.jar:/home/cdf/jdk1.8/jre/classes"/>
    <property name="sun.management.compiler" value="HotSpot 64-Bit Tiered Compilers"/>
    <property name="java.runtime.version" value="1.8.0_181-b13"/>
    <property name="user.name" value="cdf"/>
    <property name="path.separator" value=":"/>
    <property name="os.version" value="4.15.0-106-generic"/>
    <property name="java.endorsed.dirs" value="/home/cdf/jdk1.8/jre/lib/endorsed"/>
    <property name="java.runtime.name" value="Java(TM) SE Runtime Environment"/>
    <property name="file.encoding" value="UTF-8"/>
    <property name="java.vm.name" value="Java HotSpot(TM) 64-Bit Server VM"/>
    <property name="localRepository" value="/home/cdf/.m2/repository"/>
    <property name="java.vendor.url.bug" value="http://bugreport.sun.com/bugreport/"/>
    <property name="java.io.tmpdir" value="/tmp"/>
    <property name="idea.version" value="2018.2.5"/>
    <property name="java.version" value="1.8.0_181"/>
    <property name="user.dir" value="/home/cdf/workspaces/cupboard/cupboard-api"/>
    <property name="os.arch" value="amd64"/>
    <property name="java.vm.specification.name" value="Java Virtual Machine Specification"/>
    <property name="java.awt.printerjob" value="sun.print.PSPrinterJob"/>
    <property name="sun.os.patch.level" value="unknown"/>
    <property name="java.library.path" value="/usr/java/packages/lib/amd64:/usr/lib64:/lib64:/lib:/usr/lib"/>
    <property name="java.vm.info" value="mixed mode"/>
    <property name="java.vendor" value="Oracle Corporation"/>
    <property name="java.vm.version" value="25.181-b13"/>
    <property name="java.ext.dirs" value="/home/cdf/jdk1.8/jre/lib/ext:/usr/java/packages/lib/ext"/>
    <property name="sun.io.unicode.encoding" value="UnicodeLittle"/>
    <property name="java.class.version" value="52.0"/>
  </properties>
  <testcase name="contextLoads" classname="com.info.CupboardApiApplicationTests" time="0.368"/>
</testsuite>